Starting ResumeForge Java Spring Boot PDF Rendering Server...

  .   ____          _            __ _ _
 /\\ / ___'_ __ _ _(_)_ __  __ _ \ \ \ \
( ( )\___ | '_ | '_| | '_ \/ _` | \ \ \ \
 \\/  ___)| |_)| | | | | || (_| |  ) ) ) )
  '  |____| .__|_| |_|_| |_\__, | / / / /
 =========|_|==============|___/=/_/_/_/
 :: Spring Boot ::                (v3.2.0)

2026-03-19T20:44:55.269+05:30  INFO 15752 --- [           main] c.r.ResumeBuilderApplication             : Starting ResumeBuilderApplication using Java 24.0.1 with PID 15752 (C:\Users\lenovo\Rbuilder\backend\target\classes started by lenovo in C:\Users\lenovo\Rbuilder\backend)
2026-03-19T20:44:55.274+05:30  INFO 15752 --- [           main] c.r.ResumeBuilderApplication             : No active profile set, falling back to 1 default profile: "default"
2026-03-19T20:44:57.003+05:30  INFO 15752 --- [           main] o.s.b.w.embedded.tomcat.TomcatWebServer  : Tomcat initialized with port 8080 (http)
2026-03-19T20:44:57.019+05:30  INFO 15752 --- [           main] o.apache.catalina.core.StandardService   : Starting service [Tomcat]
2026-03-19T20:44:57.020+05:30  INFO 15752 --- [           main] o.apache.catalina.core.StandardEngine    : Starting Servlet engine: [Apache Tomcat/10.1.16]
2026-03-19T20:44:57.165+05:30  INFO 15752 --- [           main] o.a.c.c.C.[Tomcat].[localhost].[/]       : Initializing Spring embedded WebApplicationContext
2026-03-19T20:44:57.167+05:30  INFO 15752 --- [           main] w.s.c.ServletWebServerApplicationContext : Root WebApplicationContext: initialization completed in 1823 ms
2026-03-19T20:44:57.346+05:30  INFO 15752 --- [           main] o.s.b.a.w.s.WelcomePageHandlerMapping    : Adding welcome page: URL [file:../index.html]
2026-03-19T20:44:57.713+05:30  INFO 15752 --- [           main] o.s.b.w.embedded.tomcat.TomcatWebServer  : Tomcat started on port 8080 (http) with context path ''
2026-03-19T20:44:57.720+05:30  INFO 15752 --- [           main] c.r.ResumeBuilderApplication             : Started ResumeBuilderApplication in 3.097 seconds (process running for 4.103)
2026-03-19T20:45:21.493+05:30  INFO 15752 --- [nio-8080-exec-1] o.a.c.c.C.[Tomcat].[localhost].[/]       : Initializing Spring DispatcherServlet 'dispatcherServlet'
2026-03-19T20:45:21.494+05:30  INFO 15752 --- [nio-8080-exec-1] o.s.web.servlet.DispatcherServlet        : Initializing Servlet 'dispatcherServlet'
2026-03-19T20:45:21.495+05:30  INFO 15752 --- [nio-8080-exec-1] o.s.web.servlet.DispatcherServlet        : Completed initialization in 0 ms
